<?xml version="1.0" encoding="UTF-8"?>
<!-- Generated by org.testng.reporters.JUnitXMLReporter -->
<testsuite ignored="0" hostname="Lee.local" failures="0" tests="3" name="e2e_testing_homepage" time="24.646" errors="0" timestamp="2019-04-04T00:17:10 IST">
  <testcase classname="com.e2e.tests.Home_PageTest" name="basePageNavigation" time="9.514"/>
  <testcase classname="com.e2e.tests.Home_PageTest" name="basePageNavigationDP" time="5.48"/>
  <testcase classname="com.e2e.tests.Home_PageTest" name="basePageNavigationDP" time="5.975"/>
</testsuite> <!-- e2e_testing_homepage -->
