<?xml version="1.0" encoding="UTF-8"?>
<!-- Generated by org.testng.reporters.JUnitXMLReporter -->
<testsuite ignored="0" hostname="Lee.local" failures="0" tests="3" name="e2e_testing_homepage" time="25.652" errors="0" timestamp="02 Apr 2019 17:46:49 GMT">
  <testcase classname="com.e2e.tests.Home_PageTest" name="basePageNavigation" time="10.492"/>
  <testcase classname="com.e2e.tests.Home_PageTest" name="basePageNavigationDP" time="5.973"/>
  <testcase classname="com.e2e.tests.Home_PageTest" name="basePageNavigationDP" time="5.666"/>
</testsuite> <!-- e2e_testing_homepage -->
