<?xml version="1.0" encoding="UTF-8"?>
<testsuite xmlns:xsi="http://www.w3.org/2001/XMLSchema-instance" xsi:noNamespaceSchemaLocation="https://maven.apache.org/surefire/maven-surefire-plugin/xsd/surefire-test-report-3.0.xsd" version="3.0" name="TestSuite" time="34.469" tests="5" errors="0" skipped="0" failures="0">
  <properties>
[...]
</properties>
  <testcase name="basePageNavigation" classname="com.e2e.tests.Home_PageTest" time="10.493"/>
  <testcase name="basePageNavigationDP" classname="com.e2e.tests.Home_PageTest" time="5.976"/>
  <testcase name="basePageNavigationDP" classname="com.e2e.tests.Home_PageTest" time="5.665"/>
  <testcase name="testNavigationBar" classname="com.e2e.tests.Validate_navigation_bar_Test" time="2.108"/>
  <testcase name="testTitleName" classname="com.e2e.tests.Validate_title_Test" time="2.02"/>
</testsuite>