<?xml version="1.0" encoding="UTF-8"?>
<testng-results ignored="0" total="5" passed="5" failed="0" skipped="0">
  <reporter-output>
  </reporter-output>
  <suite started-at="2019-04-02T17:46:24Z" name="E2E_Test" finished-at="2019-04-02T17:46:57Z" duration-ms="33077">
    <groups>
    </groups>
    <test started-at="2019-04-02T17:46:24Z" name="e2e_testing_homepage" finished-at="2019-04-02T17:46:49Z" duration-ms="25652">
      <class name="com.e2e.tests.Home_PageTest">
        <test-method is-config="true" signature="startup()[pri:0, instance:com.e2e.tests.Home_PageTest@2ceb80a1]" started-at="2019-04-02T17:46:24Z" name="startup" finished-at="2019-04-02T17:46:27Z" duration-ms="3312" status="PASS">
          <reporter-output>
          </reporter-output>
        </test-method> <!-- startup -->
        <test-method signature="basePageNavigation()[pri:0, instance:com.e2e.tests.Home_PageTest@2ceb80a1]" started-at="2019-04-02T17:46:27Z" name="basePageNavigation" finished-at="2019-04-02T17:46:38Z" duration-ms="10492" status="PASS">
          <reporter-output>
          </reporter-output>
        </test-method> <!-- basePageNavigation -->
        <test-method signature="basePageNavigationDP(java.lang.String, java.lang.String, java.lang.String)[pri:0, instance:com.e2e.tests.Home_PageTest@2ceb80a1]" started-at="2019-04-02T17:46:38Z" name="basePageNavigationDP" data-provider="getData" finished-at="2019-04-02T17:46:43Z" duration-ms="5973" status="PASS">
          <params>
            <param index="0">
              <value>
                <![CDATA[test@test.com]]>
              </value>
            </param>
            <param index="1">
              <value>
                <![CDATA[123456]]>
              </value>
            </param>
            <param index="2">
              <value>
                <![CDATA[Normal User]]>
              </value>
            </param>
          </params>
          <reporter-output>
          </reporter-output>
        </test-method> <!-- basePageNavigationDP -->
        <test-method signature="basePageNavigationDP(java.lang.String, java.lang.String, java.lang.String)[pri:0, instance:com.e2e.tests.Home_PageTest@2ceb80a1]" started-at="2019-04-02T17:46:43Z" name="basePageNavigationDP" data-provider="getData" finished-at="2019-04-02T17:46:49Z" duration-ms="5666" status="PASS">
          <params>
            <param index="0">
              <value>
                <![CDATA[test1@test.com]]>
              </value>
            </param>
            <param index="1">
              <value>
                <![CDATA[1256789]]>
              </value>
            </param>
            <param index="2">
              <value>
                <![CDATA[Banned User]]>
              </value>
            </param>
          </params>
          <reporter-output>
          </reporter-output>
        </test-method> <!-- basePageNavigationDP -->
        <test-method is-config="true" signature="tearDown()[pri:0, instance:com.e2e.tests.Home_PageTest@2ceb80a1]" started-at="2019-04-02T17:46:49Z" name="tearDown" finished-at="2019-04-02T17:46:49Z" duration-ms="171" status="PASS">
          <reporter-output>
          </reporter-output>
        </test-method> <!-- tearDown -->
      </class> <!-- com.e2e.tests.Home_PageTest -->
    </test> <!-- e2e_testing_homepage -->
    <test started-at="2019-04-02T17:46:49Z" name="e2e_testing_navibar" finished-at="2019-04-02T17:46:53Z" duration-ms="3693">
      <class name="com.e2e.tests.Validate_navigation_bar_Test">
        <test-method is-config="true" signature="startup()[pri:0, instance:com.e2e.tests.Validate_navigation_bar_Test@34f7234e]" started-at="2019-04-02T17:46:49Z" name="startup" finished-at="2019-04-02T17:46:51Z" duration-ms="1416" status="PASS">
          <reporter-output>
          </reporter-output>
        </test-method> <!-- startup -->
        <test-method signature="testNavigationBar()[pri:0, instance:com.e2e.tests.Validate_navigation_bar_Test@34f7234e]" started-at="2019-04-02T17:46:51Z" name="testNavigationBar" finished-at="2019-04-02T17:46:53Z" duration-ms="2108" status="PASS">
          <reporter-output>
          </reporter-output>
        </test-method> <!-- testNavigationBar -->
        <test-method is-config="true" signature="tearDown()[pri:0, instance:com.e2e.tests.Validate_navigation_bar_Test@34f7234e]" started-at="2019-04-02T17:46:53Z" name="tearDown" finished-at="2019-04-02T17:46:53Z" duration-ms="166" status="PASS">
          <reporter-output>
          </reporter-output>
        </test-method> <!-- tearDown -->
      </class> <!-- com.e2e.tests.Validate_navigation_bar_Test -->
    </test> <!-- e2e_testing_navibar -->
    <test started-at="2019-04-02T17:46:53Z" name="e2e_testing_title" finished-at="2019-04-02T17:46:57Z" duration-ms="3701">
      <class name="com.e2e.tests.Validate_title_Test">
        <test-method is-config="true" signature="startup()[pri:0, instance:com.e2e.tests.Validate_title_Test@44040454]" started-at="2019-04-02T17:46:53Z" name="startup" finished-at="2019-04-02T17:46:55Z" duration-ms="1552" status="PASS">
          <reporter-output>
          </reporter-output>
        </test-method> <!-- startup -->
        <test-method signature="testTitleName()[pri:0, instance:com.e2e.tests.Validate_title_Test@44040454]" started-at="2019-04-02T17:46:55Z" name="testTitleName" finished-at="2019-04-02T17:46:57Z" duration-ms="2021" status="PASS">
          <reporter-output>
          </reporter-output>
        </test-method> <!-- testTitleName -->
        <test-method is-config="true" signature="tearDown()[pri:0, instance:com.e2e.tests.Validate_title_Test@44040454]" started-at="2019-04-02T17:46:57Z" name="tearDown" finished-at="2019-04-02T17:46:57Z" duration-ms="128" status="PASS">
          <reporter-output>
          </reporter-output>
        </test-method> <!-- tearDown -->
      </class> <!-- com.e2e.tests.Validate_title_Test -->
    </test> <!-- e2e_testing_title -->
  </suite> <!-- E2E_Test -->
</testng-results>
