<?xml version="1.0" encoding="UTF-8"?>
<testsuite xmlns:xsi="http://www.w3.org/2001/XMLSchema-instance" xsi:noNamespaceSchemaLocation="https://maven.apache.org/surefire/maven-surefire-plugin/xsd/surefire-test-report-3.0.xsd" version="3.0" name="TestSuite" time="35.18" tests="6" errors="0" skipped="0" failures="1">
  <properties>
[...]
</properties>
  <testcase name="basePageNavigation" classname="com.e2e.tests.Home_PageTest" time="9.519"/>
  <testcase name="basePageNavigationDP" classname="com.e2e.tests.Home_PageTest" time="5.481"/>
  <testcase name="basePageNavigationDP" classname="com.e2e.tests.Home_PageTest" time="5.977"/>
  <testcase name="failureTest" classname="com.e2e.tests.Validate_navigation_bar_Test" time="1.924">
    <failure message="did not expect to find [true] but found [false]" type="java.lang.AssertionError">java.lang.AssertionError: did not expect to find [true] but found [false]
	at com.e2e.tests.Validate_navigation_bar_Test.failureTest(Validate_navigation_bar_Test.java:42)
</failure>
    <system-out><![CDATA[basePageNavigationDP is executed successfully.
00:17:09.986 [main] INFO  com.e2e.resources.Base - Quitting driver
]]></system-out>
    <system-err><![CDATA[Starting ChromeDriver 2.40.565386 (45a059dc425e08165f9a10324bd1380cc13ca363) on port 2438
Only local connections are allowed.
Apr 04, 2019 12:17:11 AM org.openqa.selenium.remote.ProtocolHandshake createSession
INFO: Detected dialect: OSS
]]></system-err>
  </testcase>
  <testcase name="testNavigationBar" classname="com.e2e.tests.Validate_navigation_bar_Test" time="0.665"/>
  <testcase name="testTitleName" classname="com.e2e.tests.Validate_title_Test" time="1.925"/>
</testsuite>