-------------------------------------------------------------------------------
Test set: TestSuite
-------------------------------------------------------------------------------
Tests run: 6, Failures: 1, Errors: 0, Skipped: 0, Time elapsed: 35.18 s <<< FAILURE! - in TestSuite
failureTest(com.e2e.tests.Validate_navigation_bar_Test)  Time elapsed: 1.924 s  <<< FAILURE!
java.lang.AssertionError: did not expect to find [true] but found [false]
	at com.e2e.tests.Validate_navigation_bar_Test.failureTest(Validate_navigation_bar_Test.java:42)

